#
# A fatal error has been detected by the Java Runtime Environment:
#
#  SIGSEGV (0xb) at pc=0x00007fa52385af21, pid=24695, tid=24705
#
# JRE version: OpenJDK Runtime Environment Temurin-11.0.12+7 (11.0.12+7) (build 11.0.12+7)
# Java VM: OpenJDK 64-Bit Server VM Temurin-11.0.12+7 (11.0.12+7, mixed mode, tiered, compressed oops, g1 gc, linux-amd64)
# Problematic frame:
# C  [libjimage.so+0x3f21]  ImageStrings::find(Endian*, char const*, int*, unsigned int)+0x71
#
# Core dump will be written. Default location: Core dumps may be processed with "/usr/share/apport/apport %p %s %c %d %P %E" (or dumping to /home/carlos/Documents/animations/courses/bauhaus-coding-workshop/core.24695)
#
# If you would like to submit a bug report, please visit:
#   https://github.com/adoptium/adoptium-support/issues
#

---------------  S U M M A R Y ------------

Command Line: -agentlib:jdwp=transport=dt_socket,address=8756,server=y,suspend=y,quiet=y -Djna.nosys=true -Djava.library.path=:/home/carlos/processing-4.0b2/core/library:/home/carlos/sketchbook/libraries/VideoExport/library:/usr/java/packages/lib:/usr/lib64:/lib64:/lib:/usr/lib -ea processing.core.PApplet --display=1 --sketch-path=/home/carlos/Documents/animations/courses/bauhaus-coding-workshop/art032 art032

Host: Intel(R) Core(TM) i5-8265U CPU @ 1.60GHz, 8 cores, 7G, Ubuntu 21.10
Time: Wed Jan 19 22:50:55 2022 -05 elapsed time: 20225.190662 seconds (0d 5h 37m 5s)

---------------  T H R E A D  ---------------

Current thread (0x00007fa51c17e800):  JavaThread "Signal Dispatcher" daemon [_thread_in_vm, id=24705, stack(0x00007fa520414000,0x00007fa520514000)]

Stack: [0x00007fa520414000,0x00007fa520514000],  sp=0x00007fa520511090,  free space=1012k
Native frames: (J=compiled Java code, A=aot compiled Java code, j=interpreted, Vv=VM code, C=native code)
C  [libjimage.so+0x3f21]  ImageStrings::find(Endian*, char const*, int*, unsigned int)+0x71
C  [libjimage.so+0x4b1a]  ImageFileReader::find_location_index(char const*, unsigned long long*) const+0x3a
C  [libjimage.so+0x501a]  JIMAGE_FindResource+0xfa
V  [libjvm.so+0x60e22e]